<?xml version="1.0" encoding="UTF-8"?>
<!-- Generated by org.testng.reporters.JUnitReportReporter -->
<testsuite skipped="0" hostname="ip-172-31-22-251" name="Tests.LoginTest" tests="3" failures="0" timestamp="2022-09-18T05:49:28 UTC" time="16.368" errors="0">
  <testcase name="test3" time="4.196" classname="Tests.LoginTest"/>
  <system-out/>
  <testcase name="Test1" time="7.045" classname="Tests.LoginTest"/>
  <system-out/>
  <testcase name="test2" time="5.127" classname="Tests.LoginTest"/>
  <system-out/>
</testsuite> <!-- Tests.LoginTest -->
